<?xml version="1.0" encoding="UTF-8"?>
<!-- Generated by org.testng.reporters.JUnitXMLReporter -->
<testsuite hostname="MY" name="Chat Test" tests="6" failures="1" timestamp="19 Oct 2019 19:38:58 GMT" time="0.063" errors="0">
  <testcase name="test1" time="0.016" classname="BasicTestNGAnnotations.PersonalChat"/>
  <testcase name="test2" time="0.0" classname="BasicTestNGAnnotations.PersonalChat"/>
  <testcase name="test3" time="0.015" classname="BasicTestNGAnnotations.PersonalChat"/>
  <testcase name="test1" time="0.0" classname="BasicTestNGAnnotations.GroupChat">
    <skipped/>
  </testcase> <!-- test1 -->
  <testcase name="test2" time="0.0" classname="BasicTestNGAnnotations.GroupChat">
    <failure type="java.lang.ArithmeticException" message="/ by zero">
      <![CDATA[java.lang.ArithmeticException: / by zero
	at BasicTestNGAnnotations.GroupChat.test2(GroupChat.java:71)
... Removed 24 stack frames]]>
    </failure>
  </testcase> <!-- test2 -->
  <testcase name="test3" time="0.0" classname="BasicTestNGAnnotations.GroupChat"/>
</testsuite> <!-- Chat Test -->
