<?xml version="1.0" encoding="UTF-8"?>
<testng-results skipped="1" failed="1" total="12" passed="10">
  <reporter-output>
  </reporter-output>
  <suite name="AutomationSuite" duration-ms="172" started-at="2019-10-19T19:38:58Z" finished-at="2019-10-19T19:38:58Z">
    <groups>
    </groups>
    <test name="Chat Test" duration-ms="63" started-at="2019-10-19T19:38:58Z" finished-at="2019-10-19T19:38:58Z">
      <class name="BasicTestNGAnnotations.GroupChat">
        <test-method status="PASS" signature="beforeChatModule()[pri:0, instance:BasicTestNGAnnotations.GroupChat@c39f790]" name="beforeChatModule" is-config="true" duration-ms="0" started-at="2019-10-19T12:38:58Z" finished-at="2019-10-19T12:38:58Z">
          <reporter-output>
          </reporter-output>
        </test-method> <!-- beforeChatModule -->
        <test-method status="FAIL" signature="test2()[pri:0, instance:BasicTestNGAnnotations.GroupChat@c39f790]" name="test2" duration-ms="0" started-at="2019-10-19T12:38:58Z" finished-at="2019-10-19T12:38:58Z">
          <exception class="java.lang.ArithmeticException">
            <message>
              <![CDATA[/ by zero]]>
            </message>
            <full-stacktrace>
              <![CDATA[java.lang.ArithmeticException: / by zero
	at BasicTestNGAnnotations.GroupChat.test2(GroupChat.java:71)
	at sun.reflect.NativeMethodAccessorImpl.invoke0(Native Method)
	at sun.reflect.NativeMethodAccessorImpl.invoke(Unknown Source)
	at sun.reflect.DelegatingMethodAccessorImpl.invoke(Unknown Source)
	at java.lang.reflect.Method.invoke(Unknown Source)
	at org.testng.internal.MethodInvocationHelper.invokeMethod(MethodInvocationHelper.java:86)
	at org.testng.internal.Invoker.invokeMethod(Invoker.java:645)
	at org.testng.internal.Invoker.invokeTestMethod(Invoker.java:822)
	at org.testng.internal.Invoker.invokeTestMethods(Invoker.java:1130)
	at org.testng.internal.TestMethodWorker.invokeTestMethods(TestMethodWorker.java:129)
	at org.testng.internal.TestMethodWorker.run(TestMethodWorker.java:112)
	at org.testng.TestRunner.privateRun(TestRunner.java:782)
	at org.testng.TestRunner.run(TestRunner.java:632)
	at org.testng.SuiteRunner.runTest(SuiteRunner.java:366)
	at org.testng.SuiteRunner.runSequentially(SuiteRunner.java:361)
	at org.testng.SuiteRunner.privateRun(SuiteRunner.java:319)
	at org.testng.SuiteRunner.run(SuiteRunner.java:268)
	at org.testng.SuiteRunnerWorker.runSuite(SuiteRunnerWorker.java:52)
	at org.testng.SuiteRunnerWorker.run(SuiteRunnerWorker.java:86)
	at org.testng.TestNG.runSuitesSequentially(TestNG.java:1244)
	at org.testng.TestNG.runSuitesLocally(TestNG.java:1169)
	at org.testng.TestNG.run(TestNG.java:1064)
	at org.testng.remote.RemoteTestNG.run(RemoteTestNG.java:113)
	at org.testng.remote.RemoteTestNG.initAndRun(RemoteTestNG.java:206)
	at org.testng.remote.RemoteTestNG.main(RemoteTestNG.java:177)
]]>
            </full-stacktrace>
          </exception> <!-- java.lang.ArithmeticException -->
          <reporter-output>
          </reporter-output>
        </test-method> <!-- test2 -->
        <test-method status="PASS" signature="preConditionForTestCase()[pri:0, instance:BasicTestNGAnnotations.GroupChat@c39f790]" name="preConditionForTestCase" is-config="true" duration-ms="0" started-at="2019-10-19T12:38:58Z" finished-at="2019-10-19T12:38:58Z">
          <reporter-output>
          </reporter-output>
        </test-method> <!-- preConditionForTestCase -->
        <test-method status="PASS" signature="postConditionForTestCase()[pri:0, instance:BasicTestNGAnnotations.GroupChat@c39f790]" name="postConditionForTestCase" is-config="true" duration-ms="0" started-at="2019-10-19T12:38:58Z" finished-at="2019-10-19T12:38:58Z">
          <reporter-output>
          </reporter-output>
        </test-method> <!-- postConditionForTestCase -->
        <test-method status="PASS" signature="preConditionForTestCase()[pri:0, instance:BasicTestNGAnnotations.GroupChat@c39f790]" name="preConditionForTestCase" is-config="true" duration-ms="0" started-at="2019-10-19T12:38:58Z" finished-at="2019-10-19T12:38:58Z">
          <reporter-output>
          </reporter-output>
        </test-method> <!-- preConditionForTestCase -->
        <test-method status="PASS" signature="beforeClass()[pri:0, instance:BasicTestNGAnnotations.GroupChat@c39f790]" name="beforeClass" is-config="true" duration-ms="0" started-at="2019-10-19T12:38:58Z" finished-at="2019-10-19T12:38:58Z">
          <reporter-output>
          </reporter-output>
        </test-method> <!-- beforeClass -->
        <test-method status="SKIP" signature="test1()[pri:0, instance:BasicTestNGAnnotations.GroupChat@c39f790]" name="test1" duration-ms="0" started-at="2019-10-19T12:38:58Z" finished-at="2019-10-19T12:38:58Z">
          <exception class="org.testng.SkipException">
            <message>
              <![CDATA[Group Chat Test Case 1]]>
            </message>
            <full-stacktrace>
              <![CDATA[org.testng.SkipException: Group Chat Test Case 1
	at BasicTestNGAnnotations.GroupChat.test1(GroupChat.java:62)
	at sun.reflect.NativeMethodAccessorImpl.invoke0(Native Method)
	at sun.reflect.NativeMethodAccessorImpl.invoke(Unknown Source)
	at sun.reflect.DelegatingMethodAccessorImpl.invoke(Unknown Source)
	at java.lang.reflect.Method.invoke(Unknown Source)
	at org.testng.internal.MethodInvocationHelper.invokeMethod(MethodInvocationHelper.java:86)
	at org.testng.internal.Invoker.invokeMethod(Invoker.java:645)
	at org.testng.internal.Invoker.invokeTestMethod(Invoker.java:822)
	at org.testng.internal.Invoker.invokeTestMethods(Invoker.java:1130)
	at org.testng.internal.TestMethodWorker.invokeTestMethods(TestMethodWorker.java:129)
	at org.testng.internal.TestMethodWorker.run(TestMethodWorker.java:112)
	at org.testng.TestRunner.privateRun(TestRunner.java:782)
	at org.testng.TestRunner.run(TestRunner.java:632)
	at org.testng.SuiteRunner.runTest(SuiteRunner.java:366)
	at org.testng.SuiteRunner.runSequentially(SuiteRunner.java:361)
	at org.testng.SuiteRunner.privateRun(SuiteRunner.java:319)
	at org.testng.SuiteRunner.run(SuiteRunner.java:268)
	at org.testng.SuiteRunnerWorker.runSuite(SuiteRunnerWorker.java:52)
	at org.testng.SuiteRunnerWorker.run(SuiteRunnerWorker.java:86)
	at org.testng.TestNG.runSuitesSequentially(TestNG.java:1244)
	at org.testng.TestNG.runSuitesLocally(TestNG.java:1169)
	at org.testng.TestNG.run(TestNG.java:1064)
	at org.testng.remote.RemoteTestNG.run(RemoteTestNG.java:113)
	at org.testng.remote.RemoteTestNG.initAndRun(RemoteTestNG.java:206)
	at org.testng.remote.RemoteTestNG.main(RemoteTestNG.java:177)
]]>
            </full-stacktrace>
          </exception> <!-- org.testng.SkipException -->
          <reporter-output>
          </reporter-output>
        </test-method> <!-- test1 -->
        <test-method status="PASS" signature="test3()[pri:0, instance:BasicTestNGAnnotations.GroupChat@c39f790]" name="test3" duration-ms="0" started-at="2019-10-19T12:38:58Z" finished-at="2019-10-19T12:38:58Z">
          <reporter-output>
          </reporter-output>
        </test-method> <!-- test3 -->
        <test-method status="PASS" signature="postConditionForTestCase()[pri:0, instance:BasicTestNGAnnotations.GroupChat@c39f790]" name="postConditionForTestCase" is-config="true" duration-ms="0" started-at="2019-10-19T12:38:58Z" finished-at="2019-10-19T12:38:58Z">
          <reporter-output>
          </reporter-output>
        </test-method> <!-- postConditionForTestCase -->
        <test-method status="PASS" signature="postConditionForTestCase()[pri:0, instance:BasicTestNGAnnotations.GroupChat@c39f790]" name="postConditionForTestCase" is-config="true" duration-ms="0" started-at="2019-10-19T12:38:58Z" finished-at="2019-10-19T12:38:58Z">
          <reporter-output>
          </reporter-output>
        </test-method> <!-- postConditionForTestCase -->
        <test-method status="PASS" signature="AfterChatModule()[pri:0, instance:BasicTestNGAnnotations.GroupChat@c39f790]" name="AfterChatModule" is-config="true" duration-ms="0" started-at="2019-10-19T12:38:58Z" finished-at="2019-10-19T12:38:58Z">
          <reporter-output>
          </reporter-output>
        </test-method> <!-- AfterChatModule -->
        <test-method status="PASS" signature="AfterClass()[pri:0, instance:BasicTestNGAnnotations.GroupChat@c39f790]" name="AfterClass" is-config="true" duration-ms="0" started-at="2019-10-19T12:38:58Z" finished-at="2019-10-19T12:38:58Z">
          <reporter-output>
          </reporter-output>
        </test-method> <!-- AfterClass -->
        <test-method status="PASS" signature="preConditionForTestCase()[pri:0, instance:BasicTestNGAnnotations.GroupChat@c39f790]" name="preConditionForTestCase" is-config="true" duration-ms="0" started-at="2019-10-19T12:38:58Z" finished-at="2019-10-19T12:38:58Z">
          <reporter-output>
          </reporter-output>
        </test-method> <!-- preConditionForTestCase -->
      </class> <!-- BasicTestNGAnnotations.GroupChat -->
      <class name="BasicTestNGAnnotations.PersonalChat">
        <test-method status="PASS" signature="beforeClass()[pri:0, instance:BasicTestNGAnnotations.PersonalChat@71e7a66b]" name="beforeClass" is-config="true" duration-ms="0" started-at="2019-10-19T12:38:58Z" finished-at="2019-10-19T12:38:58Z">
          <reporter-output>
          </reporter-output>
        </test-method> <!-- beforeClass -->
        <test-method status="PASS" signature="test1()[pri:0, instance:BasicTestNGAnnotations.PersonalChat@71e7a66b]" name="test1" duration-ms="16" started-at="2019-10-19T12:38:58Z" finished-at="2019-10-19T12:38:58Z">
          <reporter-output>
          </reporter-output>
        </test-method> <!-- test1 -->
        <test-method status="PASS" signature="preConditionForTestCase()[pri:0, instance:BasicTestNGAnnotations.PersonalChat@71e7a66b]" name="preConditionForTestCase" is-config="true" duration-ms="0" started-at="2019-10-19T12:38:58Z" finished-at="2019-10-19T12:38:58Z">
          <reporter-output>
          </reporter-output>
        </test-method> <!-- preConditionForTestCase -->
        <test-method status="PASS" signature="test3()[pri:0, instance:BasicTestNGAnnotations.PersonalChat@71e7a66b]" name="test3" duration-ms="15" started-at="2019-10-19T12:38:58Z" finished-at="2019-10-19T12:38:58Z">
          <reporter-output>
          </reporter-output>
        </test-method> <!-- test3 -->
        <test-method status="PASS" signature="test2()[pri:0, instance:BasicTestNGAnnotations.PersonalChat@71e7a66b]" name="test2" duration-ms="0" started-at="2019-10-19T12:38:58Z" finished-at="2019-10-19T12:38:58Z">
          <reporter-output>
          </reporter-output>
        </test-method> <!-- test2 -->
        <test-method status="PASS" signature="postConditionForTestCase()[pri:0, instance:BasicTestNGAnnotations.PersonalChat@71e7a66b]" name="postConditionForTestCase" is-config="true" duration-ms="0" started-at="2019-10-19T12:38:58Z" finished-at="2019-10-19T12:38:58Z">
          <reporter-output>
          </reporter-output>
        </test-method> <!-- postConditionForTestCase -->
        <test-method status="PASS" signature="preConditionForTestCase()[pri:0, instance:BasicTestNGAnnotations.PersonalChat@71e7a66b]" name="preConditionForTestCase" is-config="true" duration-ms="0" started-at="2019-10-19T12:38:58Z" finished-at="2019-10-19T12:38:58Z">
          <reporter-output>
          </reporter-output>
        </test-method> <!-- preConditionForTestCase -->
        <test-method status="PASS" signature="postConditionForTestCase()[pri:0, instance:BasicTestNGAnnotations.PersonalChat@71e7a66b]" name="postConditionForTestCase" is-config="true" duration-ms="0" started-at="2019-10-19T12:38:58Z" finished-at="2019-10-19T12:38:58Z">
          <reporter-output>
          </reporter-output>
        </test-method> <!-- postConditionForTestCase -->
        <test-method status="PASS" signature="preConditionForTestCase()[pri:0, instance:BasicTestNGAnnotations.PersonalChat@71e7a66b]" name="preConditionForTestCase" is-config="true" duration-ms="0" started-at="2019-10-19T12:38:58Z" finished-at="2019-10-19T12:38:58Z">
          <reporter-output>
          </reporter-output>
        </test-method> <!-- preConditionForTestCase -->
        <test-method status="PASS" signature="postConditionForTestCase()[pri:0, instance:BasicTestNGAnnotations.PersonalChat@71e7a66b]" name="postConditionForTestCase" is-config="true" duration-ms="0" started-at="2019-10-19T12:38:58Z" finished-at="2019-10-19T12:38:58Z">
          <reporter-output>
          </reporter-output>
        </test-method> <!-- postConditionForTestCase -->
        <test-method status="PASS" signature="AfterClass()[pri:0, instance:BasicTestNGAnnotations.PersonalChat@71e7a66b]" name="AfterClass" is-config="true" duration-ms="0" started-at="2019-10-19T12:38:58Z" finished-at="2019-10-19T12:38:58Z">
          <reporter-output>
          </reporter-output>
        </test-method> <!-- AfterClass -->
      </class> <!-- BasicTestNGAnnotations.PersonalChat -->
    </test> <!-- Chat Test -->
    <test name="Status Test" duration-ms="32" started-at="2019-10-19T19:38:58Z" finished-at="2019-10-19T19:38:58Z">
      <class name="BasicTestNGAnnotations.ImageStatus">
        <test-method status="PASS" signature="beforeStatusModule()[pri:0, instance:BasicTestNGAnnotations.ImageStatus@7006c658]" name="beforeStatusModule" is-config="true" duration-ms="0" started-at="2019-10-19T12:38:58Z" finished-at="2019-10-19T12:38:58Z">
          <reporter-output>
          </reporter-output>
        </test-method> <!-- beforeStatusModule -->
        <test-method status="PASS" signature="postConditionForTestCase()[pri:0, instance:BasicTestNGAnnotations.ImageStatus@7006c658]" name="postConditionForTestCase" is-config="true" duration-ms="0" started-at="2019-10-19T12:38:58Z" finished-at="2019-10-19T12:38:58Z">
          <reporter-output>
          </reporter-output>
        </test-method> <!-- postConditionForTestCase -->
        <test-method status="PASS" signature="preConditionForTestCase()[pri:0, instance:BasicTestNGAnnotations.ImageStatus@7006c658]" name="preConditionForTestCase" is-config="true" duration-ms="0" started-at="2019-10-19T12:38:58Z" finished-at="2019-10-19T12:38:58Z">
          <reporter-output>
          </reporter-output>
        </test-method> <!-- preConditionForTestCase -->
        <test-method status="PASS" signature="preConditionForTestCase()[pri:0, instance:BasicTestNGAnnotations.ImageStatus@7006c658]" name="preConditionForTestCase" is-config="true" duration-ms="0" started-at="2019-10-19T12:38:58Z" finished-at="2019-10-19T12:38:58Z">
          <reporter-output>
          </reporter-output>
        </test-method> <!-- preConditionForTestCase -->
        <test-method status="PASS" signature="test2()[pri:0, instance:BasicTestNGAnnotations.ImageStatus@7006c658]" name="test2" duration-ms="0" started-at="2019-10-19T12:38:58Z" finished-at="2019-10-19T12:38:58Z">
          <reporter-output>
          </reporter-output>
        </test-method> <!-- test2 -->
        <test-method status="PASS" signature="beforeClass()[pri:0, instance:BasicTestNGAnnotations.ImageStatus@7006c658]" name="beforeClass" is-config="true" duration-ms="0" started-at="2019-10-19T12:38:58Z" finished-at="2019-10-19T12:38:58Z">
          <reporter-output>
          </reporter-output>
        </test-method> <!-- beforeClass -->
        <test-method status="PASS" signature="test1()[pri:0, instance:BasicTestNGAnnotations.ImageStatus@7006c658]" name="test1" duration-ms="0" started-at="2019-10-19T12:38:58Z" finished-at="2019-10-19T12:38:58Z">
          <reporter-output>
          </reporter-output>
        </test-method> <!-- test1 -->
        <test-method status="PASS" signature="test3()[pri:0, instance:BasicTestNGAnnotations.ImageStatus@7006c658]" name="test3" duration-ms="0" started-at="2019-10-19T12:38:58Z" finished-at="2019-10-19T12:38:58Z">
          <reporter-output>
          </reporter-output>
        </test-method> <!-- test3 -->
        <test-method status="PASS" signature="postConditionForTestCase()[pri:0, instance:BasicTestNGAnnotations.ImageStatus@7006c658]" name="postConditionForTestCase" is-config="true" duration-ms="0" started-at="2019-10-19T12:38:58Z" finished-at="2019-10-19T12:38:58Z">
          <reporter-output>
          </reporter-output>
        </test-method> <!-- postConditionForTestCase -->
        <test-method status="PASS" signature="preConditionForTestCase()[pri:0, instance:BasicTestNGAnnotations.ImageStatus@7006c658]" name="preConditionForTestCase" is-config="true" duration-ms="0" started-at="2019-10-19T12:38:58Z" finished-at="2019-10-19T12:38:58Z">
          <reporter-output>
          </reporter-output>
        </test-method> <!-- preConditionForTestCase -->
        <test-method status="PASS" signature="AfterClass()[pri:0, instance:BasicTestNGAnnotations.ImageStatus@7006c658]" name="AfterClass" is-config="true" duration-ms="0" started-at="2019-10-19T12:38:58Z" finished-at="2019-10-19T12:38:58Z">
          <reporter-output>
          </reporter-output>
        </test-method> <!-- AfterClass -->
        <test-method status="PASS" signature="AfterStatusModule()[pri:0, instance:BasicTestNGAnnotations.ImageStatus@7006c658]" name="AfterStatusModule" is-config="true" duration-ms="0" started-at="2019-10-19T12:38:58Z" finished-at="2019-10-19T12:38:58Z">
          <reporter-output>
          </reporter-output>
        </test-method> <!-- AfterStatusModule -->
        <test-method status="PASS" signature="postConditionForTestCase()[pri:0, instance:BasicTestNGAnnotations.ImageStatus@7006c658]" name="postConditionForTestCase" is-config="true" duration-ms="0" started-at="2019-10-19T12:38:58Z" finished-at="2019-10-19T12:38:58Z">
          <reporter-output>
          </reporter-output>
        </test-method> <!-- postConditionForTestCase -->
      </class> <!-- BasicTestNGAnnotations.ImageStatus -->
      <class name="BasicTestNGAnnotations.VideoStatus">
        <test-method status="PASS" signature="test2()[pri:0, instance:BasicTestNGAnnotations.VideoStatus@34033bd0]" name="test2" duration-ms="0" started-at="2019-10-19T12:38:58Z" finished-at="2019-10-19T12:38:58Z">
          <reporter-output>
          </reporter-output>
        </test-method> <!-- test2 -->
        <test-method status="PASS" signature="preConditionForTestCase()[pri:0, instance:BasicTestNGAnnotations.VideoStatus@34033bd0]" name="preConditionForTestCase" is-config="true" duration-ms="0" started-at="2019-10-19T12:38:58Z" finished-at="2019-10-19T12:38:58Z">
          <reporter-output>
          </reporter-output>
        </test-method> <!-- preConditionForTestCase -->
        <test-method status="PASS" signature="beforeClass()[pri:0, instance:BasicTestNGAnnotations.VideoStatus@34033bd0]" name="beforeClass" is-config="true" duration-ms="0" started-at="2019-10-19T12:38:58Z" finished-at="2019-10-19T12:38:58Z">
          <reporter-output>
          </reporter-output>
        </test-method> <!-- beforeClass -->
        <test-method status="PASS" signature="preConditionForTestCase()[pri:0, instance:BasicTestNGAnnotations.VideoStatus@34033bd0]" name="preConditionForTestCase" is-config="true" duration-ms="16" started-at="2019-10-19T12:38:58Z" finished-at="2019-10-19T12:38:58Z">
          <reporter-output>
          </reporter-output>
        </test-method> <!-- preConditionForTestCase -->
        <test-method status="PASS" signature="test1()[pri:0, instance:BasicTestNGAnnotations.VideoStatus@34033bd0]" name="test1" duration-ms="0" started-at="2019-10-19T12:38:58Z" finished-at="2019-10-19T12:38:58Z">
          <reporter-output>
          </reporter-output>
        </test-method> <!-- test1 -->
        <test-method status="PASS" signature="preConditionForTestCase()[pri:0, instance:BasicTestNGAnnotations.VideoStatus@34033bd0]" name="preConditionForTestCase" is-config="true" duration-ms="0" started-at="2019-10-19T12:38:58Z" finished-at="2019-10-19T12:38:58Z">
          <reporter-output>
          </reporter-output>
        </test-method> <!-- preConditionForTestCase -->
        <test-method status="PASS" signature="postConditionForTestCase()[pri:0, instance:BasicTestNGAnnotations.VideoStatus@34033bd0]" name="postConditionForTestCase" is-config="true" duration-ms="0" started-at="2019-10-19T12:38:58Z" finished-at="2019-10-19T12:38:58Z">
          <reporter-output>
          </reporter-output>
        </test-method> <!-- postConditionForTestCase -->
        <test-method status="PASS" signature="postConditionForTestCase()[pri:0, instance:BasicTestNGAnnotations.VideoStatus@34033bd0]" name="postConditionForTestCase" is-config="true" duration-ms="0" started-at="2019-10-19T12:38:58Z" finished-at="2019-10-19T12:38:58Z">
          <reporter-output>
          </reporter-output>
        </test-method> <!-- postConditionForTestCase -->
        <test-method status="PASS" signature="AfterClass()[pri:0, instance:BasicTestNGAnnotations.VideoStatus@34033bd0]" name="AfterClass" is-config="true" duration-ms="0" started-at="2019-10-19T12:38:58Z" finished-at="2019-10-19T12:38:58Z">
          <reporter-output>
          </reporter-output>
        </test-method> <!-- AfterClass -->
        <test-method status="PASS" signature="postConditionForTestCase()[pri:0, instance:BasicTestNGAnnotations.VideoStatus@34033bd0]" name="postConditionForTestCase" is-config="true" duration-ms="0" started-at="2019-10-19T12:38:58Z" finished-at="2019-10-19T12:38:58Z">
          <reporter-output>
          </reporter-output>
        </test-method> <!-- postConditionForTestCase -->
        <test-method status="PASS" signature="test3()[pri:0, instance:BasicTestNGAnnotations.VideoStatus@34033bd0]" name="test3" duration-ms="0" started-at="2019-10-19T12:38:58Z" finished-at="2019-10-19T12:38:58Z">
          <reporter-output>
          </reporter-output>
        </test-method> <!-- test3 -->
      </class> <!-- BasicTestNGAnnotations.VideoStatus -->
    </test> <!-- Status Test -->
    <test name="Pre Suite" duration-ms="0" started-at="2019-10-19T19:38:58Z" finished-at="2019-10-19T19:38:58Z">
      <class name="BasicTestNGAnnotations.BaseClass">
        <test-method status="PASS" signature="beforeSuite()[pri:0, instance:BasicTestNGAnnotations.BaseClass@7907ec20]" name="beforeSuite" is-config="true" duration-ms="15" started-at="2019-10-19T12:38:58Z" finished-at="2019-10-19T12:38:58Z">
          <reporter-output>
          </reporter-output>
        </test-method> <!-- beforeSuite -->
        <test-method status="PASS" signature="afterSuite()[pri:0, instance:BasicTestNGAnnotations.BaseClass@7907ec20]" name="afterSuite" is-config="true" duration-ms="0" started-at="2019-10-19T12:38:58Z" finished-at="2019-10-19T12:38:58Z">
          <reporter-output>
          </reporter-output>
        </test-method> <!-- afterSuite -->
      </class> <!-- BasicTestNGAnnotations.BaseClass -->
    </test> <!-- Pre Suite -->
  </suite> <!-- AutomationSuite -->
</testng-results>
