<?xml version="1.0" encoding="UTF-8"?>
<!-- Generated by org.testng.reporters.JUnitXMLReporter -->
<testsuite hostname="MY" name="Default test" tests="3" failures="0" timestamp="19 Oct 2019 18:36:07 GMT" time="0.078" errors="0">
  <testcase name="test1" time="0.0" classname="BasicTestNGAnnotations.GroupChat"/>
  <testcase name="test2" time="0.0" classname="BasicTestNGAnnotations.GroupChat"/>
  <testcase name="test3" time="0.0" classname="BasicTestNGAnnotations.GroupChat"/>
</testsuite> <!-- Default test -->
