<?xml version="1.0" encoding="UTF-8"?>
<testng-results skipped="0" failed="0" total="1" passed="1">
  <reporter-output>
  </reporter-output>
  <suite name="Default suite" duration-ms="3415" started-at="2019-11-02T06:42:32Z" finished-at="2019-11-02T06:42:36Z">
    <groups>
    </groups>
    <test name="Default test" duration-ms="3415" started-at="2019-11-02T06:42:32Z" finished-at="2019-11-02T06:42:36Z">
      <class name="BasicAPITesting.TC_GetEmployee_Details">
        <test-method status="PASS" signature="test1()[pri:0, instance:BasicAPITesting.TC_GetEmployee_Details@3aa9e816]" name="test1" duration-ms="3391" started-at="2019-11-01T23:42:32Z" finished-at="2019-11-01T23:42:36Z">
          <reporter-output>
          </reporter-output>
        </test-method> <!-- test1 -->
      </class> <!-- BasicAPITesting.TC_GetEmployee_Details -->
    </test> <!-- Default test -->
  </suite> <!-- Default suite -->
</testng-results>
